This file contains any messages produced by compilers while
running configure, to aid debugging if configure makes a mistake.

It was created by doraemon configure 1.0, which was
generated by GNU Autoconf 2.69.  Invocation command line was

  $ ./configure 

## --------- ##
## Platform. ##
## --------- ##

hostname = localhost
uname -m = x86_64
uname -r = 14.3.0
uname -s = Darwin
uname -v = Darwin Kernel Version 14.3.0: Mon Mar 23 11:59:05 PDT 2015; root:xnu-2782.20.48~5/RELEASE_X86_64

/usr/bin/uname -p = i386
/bin/uname -X     = unknown

/bin/arch              = unknown
/usr/bin/arch -k       = unknown
/usr/convex/getsysinfo = unknown
/usr/bin/hostinfo      = Mach kernel version:
	 Darwin Kernel Version 14.3.0: Mon Mar 23 11:59:05 PDT 2015; root:xnu-2782.20.48~5/RELEASE_X86_64
Kernel configured for up to 4 processors.
2 processors are physically available.
4 processors are logically available.
Processor type: x86_64h (Intel x86-64h Haswell)
Processors active: 0 1 2 3
Primary memory available: 8.00 gigabytes
Default processor set: 289 tasks, 1514 threads, 4 processors
Load average: 1.73, Mach factor: 2.26
/bin/machine           = unknown
/usr/bin/oslevel       = unknown
/bin/universe          = unknown

PATH: ~/bin/
PATH: /usr/local/bin
PATH: /usr/local/sbin
PATH: /usr/local/bin
PATH: /usr/bin
PATH: /bin
PATH: /usr/sbin
PATH: /sbin
PATH: /Users/leeqj/Library/Android/sdk//platform-tools
PATH: /Users/leeqj/Library/Android/sdk//tools
PATH: /usr/local/gradle/bin
PATH: ~/.composer/vendor/bin


## ----------- ##
## Core tests. ##
## ----------- ##

configure:1843: checking build system type
configure:1857: result: x86_64-apple-darwin14.3.0
configure:1877: checking host system type
configure:1890: result: x86_64-apple-darwin14.3.0
configure:1910: checking target system type
configure:1923: result: x86_64-apple-darwin14.3.0
configure:2007: checking for gcc
configure:2023: found /usr/bin/gcc
configure:2034: result: gcc
configure:2263: checking for C compiler version
configure:2272: gcc --version >&5
Apple LLVM version 6.1.0 (clang-602.0.49) (based on LLVM 3.6.0svn)
Target: x86_64-apple-darwin14.3.0
Thread model: posix
Configured with: --prefix=/Applications/Xcode.app/Contents/Developer/usr --with-gxx-include-dir=/usr/include/c++/4.2.1
configure:2283: $? = 0
configure:2272: gcc -v >&5
Configured with: --prefix=/Applications/Xcode.app/Contents/Developer/usr --with-gxx-include-dir=/usr/include/c++/4.2.1
Apple LLVM version 6.1.0 (clang-602.0.49) (based on LLVM 3.6.0svn)
Target: x86_64-apple-darwin14.3.0
Thread model: posix
configure:2283: $? = 0
configure:2272: gcc -V >&5
clang: error: argument to '-V' is missing (expected 1 value)
clang: error: no input files
configure:2283: $? = 1
configure:2272: gcc -qversion >&5
clang: error: unknown argument: '-qversion'
clang: error: no input files
configure:2283: $? = 1
configure:2303: checking whether the C compiler works
configure:2325: gcc    conftest.c  >&5
configure:2329: $? = 0
configure:2377: result: yes
configure:2380: checking for C compiler default output file name
configure:2382: result: a.out
configure:2388: checking for suffix of executables
configure:2395: gcc -o conftest    conftest.c  >&5
configure:2399: $? = 0
configure:2421: result: 
configure:2443: checking whether we are cross compiling
configure:2451: gcc -o conftest    conftest.c  >&5
configure:2455: $? = 0
configure:2462: ./conftest
configure:2466: $? = 0
configure:2481: result: no
configure:2486: checking for suffix of object files
configure:2508: gcc -c   conftest.c >&5
configure:2512: $? = 0
configure:2533: result: o
configure:2537: checking whether we are using the GNU C compiler
configure:2556: gcc -c   conftest.c >&5
configure:2556: $? = 0
configure:2565: result: yes
configure:2574: checking whether gcc accepts -g
configure:2594: gcc -c -g  conftest.c >&5
configure:2594: $? = 0
configure:2635: result: yes
configure:2652: checking for gcc option to accept ISO C89
configure:2715: gcc  -c -g -O2  conftest.c >&5
configure:2715: $? = 0
configure:2728: result: none needed
configure:2762: checking for a BSD-compatible install
configure:2830: result: /usr/bin/install -c
configure:2893: checking for erlc
configure:2911: found /usr/local/bin/erlc
configure:2923: result: /usr/local/bin/erlc
configure:3003: checking for erl
configure:3021: found /usr/local/bin/erl
configure:3033: result: /usr/local/bin/erl
configure:3061: checking for Erlang/OTP ERTS version
configure:3087: $ERLC $ERLCFLAGS -b beam conftest.$ac_ext >&5 && echo "#!/bin/sh" > conftest$ac_exeext && $as_echo "\"$ERL\" -run conftest start -run init stop -noshell" >> conftest$ac_exeext && chmod +x conftest$ac_exeext
configure:3087: $? = 0
configure:3087: ./conftest
configure:3087: $? = 0
configure:3108: result: 5.10.4
configure:3264: creating ./config.status

## ---------------------- ##
## Running config.status. ##
## ---------------------- ##

This file was extended by doraemon config.status 1.0, which was
generated by GNU Autoconf 2.69.  Invocation command line was

  CONFIG_FILES    = 
  CONFIG_HEADERS  = 
  CONFIG_LINKS    = 
  CONFIG_COMMANDS = 
  $ ./config.status 

on localhost

config.status:741: creating Makefile
config.status:741: creating doraemond

## ---------------- ##
## Cache variables. ##
## ---------------- ##

ac_cv_build=x86_64-apple-darwin14.3.0
ac_cv_c_compiler_gnu=yes
ac_cv_env_CC_set=
ac_cv_env_CC_value=
ac_cv_env_CFLAGS_set=
ac_cv_env_CFLAGS_value=
ac_cv_env_CPPFLAGS_set=
ac_cv_env_CPPFLAGS_value=
ac_cv_env_ERLCFLAGS_set=
ac_cv_env_ERLCFLAGS_value=
ac_cv_env_ERLC_set=
ac_cv_env_ERLC_value=
ac_cv_env_ERL_set=
ac_cv_env_ERL_value=
ac_cv_env_LDFLAGS_set=
ac_cv_env_LDFLAGS_value=
ac_cv_env_LIBS_set=
ac_cv_env_LIBS_value=
ac_cv_env_build_alias_set=
ac_cv_env_build_alias_value=
ac_cv_env_host_alias_set=
ac_cv_env_host_alias_value=
ac_cv_env_target_alias_set=
ac_cv_env_target_alias_value=
ac_cv_erlang_erts_ver=5.10.4
ac_cv_host=x86_64-apple-darwin14.3.0
ac_cv_objext=o
ac_cv_path_ac_pt_ERL=/usr/local/bin/erl
ac_cv_path_ac_pt_ERLC=/usr/local/bin/erlc
ac_cv_path_install='/usr/bin/install -c'
ac_cv_prog_ac_ct_CC=gcc
ac_cv_prog_cc_c89=
ac_cv_prog_cc_g=yes
ac_cv_target=x86_64-apple-darwin14.3.0

## ----------------- ##
## Output variables. ##
## ----------------- ##

CC='gcc'
CFLAGS='-g -O2'
CPPFLAGS=''
DEFS='-DPACKAGE_NAME=\"doraemon\" -DPACKAGE_TARNAME=\"doraemon\" -DPACKAGE_VERSION=\"1.0\" -DPACKAGE_STRING=\"doraemon\ 1.0\" -DPACKAGE_BUGREPORT=\"ecae@shopex.cn\" -DPACKAGE_URL=\"\" -DCPU_VENDOR_OS=\"x86_64-apple-darwin14.3.0\"'
ECHO_C='\c'
ECHO_N=''
ECHO_T=''
ERL='/usr/local/bin/erl'
ERLANG_ERTS_VER='5.10.4'
ERLC='/usr/local/bin/erlc'
ERLCFLAGS=''
EXEEXT=''
INSTALL_DATA='${INSTALL} -m 644'
INSTALL_PROGRAM='${INSTALL}'
INSTALL_SCRIPT='${INSTALL}'
LDFLAGS=''
LIBOBJS=''
LIBS=''
LTLIBOBJS=''
OBJEXT='o'
PACKAGE_BUGREPORT='ecae@shopex.cn'
PACKAGE_NAME='doraemon'
PACKAGE_STRING='doraemon 1.0'
PACKAGE_TARNAME='doraemon'
PACKAGE_URL=''
PACKAGE_VERSION='1.0'
PATH_SEPARATOR=':'
SHELL='/bin/sh'
ac_ct_CC='gcc'
bindir='${exec_prefix}/bin'
build='x86_64-apple-darwin14.3.0'
build_alias=''
build_cpu='x86_64'
build_os='darwin14.3.0'
build_vendor='apple'
config_args=''
datadir='${datarootdir}'
datarootdir='${prefix}/share'
docdir='${datarootdir}/doc/${PACKAGE_TARNAME}'
dvidir='${docdir}'
exec_prefix='${prefix}'
host='x86_64-apple-darwin14.3.0'
host_alias=''
host_cpu='x86_64'
host_os='darwin14.3.0'
host_vendor='apple'
htmldir='${docdir}'
includedir='${prefix}/include'
infodir='${datarootdir}/info'
libdir='${exec_prefix}/lib'
libexecdir='${exec_prefix}/libexec'
localedir='${datarootdir}/locale'
localstatedir='${prefix}/var'
mandir='${datarootdir}/man'
oldincludedir='/usr/include'
pdfdir='${docdir}'
prefix='/usr/local/'
program_transform_name='s,x,x,'
psdir='${docdir}'
sbindir='${exec_prefix}/sbin'
sharedstatedir='${prefix}/com'
sysconfdir='${prefix}/etc'
target='x86_64-apple-darwin14.3.0'
target_alias=''
target_cpu='x86_64'
target_os='darwin14.3.0'
target_vendor='apple'

## ----------- ##
## confdefs.h. ##
## ----------- ##

/* confdefs.h */
#define PACKAGE_NAME "doraemon"
#define PACKAGE_TARNAME "doraemon"
#define PACKAGE_VERSION "1.0"
#define PACKAGE_STRING "doraemon 1.0"
#define PACKAGE_BUGREPORT "ecae@shopex.cn"
#define PACKAGE_URL ""
#define CPU_VENDOR_OS "x86_64-apple-darwin14.3.0"

configure: exit 0
